<?xml version="1.0" encoding="UTF-8"?>
<!-- Generated by org.testng.reporters.JUnitReportReporter -->
<testsuite hostname="Vijaya" failures="0" tests="3" name="pack.crm.testcases.LoginPageTest" time="31.751" errors="0" timestamp="3 Apr 2019 18:47:14 GMT">
  <testcase classname="pack.crm.testcases.LoginPageTest" name="loginTest" time="12.181"/>
  <testcase classname="pack.crm.testcases.LoginPageTest" name="crmImageTest" time="9.210"/>
  <testcase classname="pack.crm.testcases.LoginPageTest" name="loginPageTitleTest" time="10.360"/>
</testsuite> <!-- pack.crm.testcases.LoginPageTest -->
