<?xml version="1.0" encoding="UTF-8"?>
<!-- Generated by org.testng.reporters.JUnitReportReporter -->
<testsuite hostname="Vijaya" failures="0" tests="3" name="pack.crm.testcases.LoginPageTest" time="31.781" errors="0" timestamp="3 Apr 2019 18:37:10 GMT">
  <testcase classname="pack.crm.testcases.LoginPageTest" name="crmImageTest" time="9.360"/>
  <testcase classname="pack.crm.testcases.LoginPageTest" name="loginPageTitleTest" time="8.900"/>
  <testcase classname="pack.crm.testcases.LoginPageTest" name="loginTest" time="13.521"/>
</testsuite> <!-- pack.crm.testcases.LoginPageTest -->
