<?xml version="1.0" encoding="UTF-8"?>
<!-- Generated by org.testng.reporters.JUnitReportReporter -->
<testsuite hostname="Vijaya" failures="0" tests="5" name="pack.crm.testcases.ContactsPageTest" time="75.655" errors="0" timestamp="25 Mar 2019 15:32:22 GMT">
  <testcase classname="pack.crm.testcases.ContactsPageTest" name="validateCreateNewContact" time="15.642"/>
  <testcase classname="pack.crm.testcases.ContactsPageTest" name="validateCreateNewContact" time="14.995"/>
  <testcase classname="pack.crm.testcases.ContactsPageTest" name="validateCreateNewContact" time="15.283"/>
  <testcase classname="pack.crm.testcases.ContactsPageTest" name="verifyContactsPageLabelTest" time="16.172"/>
  <testcase classname="pack.crm.testcases.ContactsPageTest" name="selectContactsByNametest" time="13.563"/>
</testsuite> <!-- pack.crm.testcases.ContactsPageTest -->
