<?xml version="1.0" encoding="UTF-8"?>
<!-- Generated by org.testng.reporters.JUnitReportReporter -->
<testsuite hostname="Vijaya" failures="0" tests="1" name="pack.crm.testcases.parcticeLog4j" time="6.069" errors="0" timestamp="31 Mar 2019 01:12:39 GMT">
  <testcase classname="pack.crm.testcases.parcticeLog4j" name="test1" time="6.069"/>
</testsuite> <!-- pack.crm.testcases.parcticeLog4j -->
