<?xml version="1.0" encoding="UTF-8"?>
<!-- Generated by org.testng.reporters.JUnitReportReporter -->
<testsuite hostname="Vijaya" failures="0" tests="3" name="pack.crm.testcases.LoginPageTest" time="25.762" errors="0" timestamp="9 Apr 2019 02:11:59 GMT">
  <testcase classname="pack.crm.testcases.LoginPageTest" name="loginPageTitleTest" time="7.987"/>
  <testcase classname="pack.crm.testcases.LoginPageTest" name="loginTest" time="9.652"/>
  <testcase classname="pack.crm.testcases.LoginPageTest" name="crmImageTest" time="8.123"/>
</testsuite> <!-- pack.crm.testcases.LoginPageTest -->
