<?xml version="1.0" encoding="UTF-8"?>
<!-- Generated by org.testng.reporters.JUnitReportReporter -->
<testsuite hostname="Vijaya" failures="0" tests="3" name="pack.crm.testcases.LoginPageTest" time="26.725" errors="0" timestamp="31 Mar 2019 01:12:39 GMT">
  <testcase classname="pack.crm.testcases.LoginPageTest" name="loginTest" time="9.934"/>
  <testcase classname="pack.crm.testcases.LoginPageTest" name="loginPageTitleTest" time="8.204"/>
  <testcase classname="pack.crm.testcases.LoginPageTest" name="crmImageTest" time="8.587"/>
</testsuite> <!-- pack.crm.testcases.LoginPageTest -->
