<?xml version="1.0" encoding="UTF-8"?>
<!-- Generated by org.testng.reporters.JUnitReportReporter -->
<testsuite hostname="Vijaya" failures="0" tests="1" name="pack.crm.testcases.parcticeLog4j" time="7.606" errors="0" timestamp="9 Apr 2019 02:11:59 GMT">
  <testcase classname="pack.crm.testcases.parcticeLog4j" name="test1" time="7.606"/>
</testsuite> <!-- pack.crm.testcases.parcticeLog4j -->
